0 info it worked if it ends with ok
1 verbose cli [ '/usr/bin/node', '/usr/bin/npm', 'install', 'yarn', '-g' ]
2 info using npm@3.5.2
3 info using node@v8.10.0
4 silly loadCurrentTree Starting
5 silly install loadCurrentTree
6 silly install readGlobalPackageData
7 silly fetchPackageMetaData yarn
8 silly fetchNamedPackageData yarn
9 silly mapToRegistry name yarn
10 silly mapToRegistry using default registry
11 silly mapToRegistry registry http://registry.npmjs.org/
12 silly mapToRegistry uri http://registry.npmjs.org/yarn
13 verbose request uri http://registry.npmjs.org/yarn
14 verbose request no auth needed
15 info attempt registry request try #1 at 11:14:15 PM
16 verbose request id 60603f93da642431
17 http request GET http://registry.npmjs.org/yarn
18 http 200 http://registry.npmjs.org/yarn
19 verbose headers { 'content-type': 'application/json; charset=UTF-8',
19 verbose headers   server: 'UploadServer',
19 verbose headers   'cache-control': 'max-age=300',
19 verbose headers   'last-modified': 'Sun, 15 Apr 2018 13:30:05 GMT',
19 verbose headers   etag: '"5ad353dd-35d60"',
19 verbose headers   'x-npm-region': 'Asia',
19 verbose headers   'content-encoding': 'gzip',
19 verbose headers   'content-length': '13030',
19 verbose headers   'accept-ranges': 'bytes',
19 verbose headers   date: 'Mon, 21 May 2018 17:44:16 GMT',
19 verbose headers   via: '1.1 varnish',
19 verbose headers   age: '2842',
19 verbose headers   connection: 'keep-alive',
19 verbose headers   'x-served-by': 'cache-sin18020-SIN',
19 verbose headers   'x-cache': 'HIT',
19 verbose headers   'x-cache-hits': '1',
19 verbose headers   'x-timer': 'S1526924657.880246,VS0,VE0',
19 verbose headers   vary: 'Accept-Encoding, Accept' }
20 silly get cb [ 200,
20 silly get   { 'content-type': 'application/json; charset=UTF-8',
20 silly get     server: 'UploadServer',
20 silly get     'cache-control': 'max-age=300',
20 silly get     'last-modified': 'Sun, 15 Apr 2018 13:30:05 GMT',
20 silly get     etag: '"5ad353dd-35d60"',
20 silly get     'x-npm-region': 'Asia',
20 silly get     'content-encoding': 'gzip',
20 silly get     'content-length': '13030',
20 silly get     'accept-ranges': 'bytes',
20 silly get     date: 'Mon, 21 May 2018 17:44:16 GMT',
20 silly get     via: '1.1 varnish',
20 silly get     age: '2842',
20 silly get     connection: 'keep-alive',
20 silly get     'x-served-by': 'cache-sin18020-SIN',
20 silly get     'x-cache': 'HIT',
20 silly get     'x-cache-hits': '1',
20 silly get     'x-timer': 'S1526924657.880246,VS0,VE0',
20 silly get     vary: 'Accept-Encoding, Accept' } ]
21 verbose get saving yarn to /home/dhruv/.npm/registry.npmjs.org/yarn/.cache.json
22 silly install normalizeTree
23 silly loadCurrentTree Finishing
24 silly loadIdealTree Starting
25 silly install loadIdealTree
26 silly cloneCurrentTree Starting
27 silly install cloneCurrentTreeToIdealTree
28 silly cloneCurrentTree Finishing
29 silly loadShrinkwrap Starting
30 silly install loadShrinkwrap
31 silly loadShrinkwrap Finishing
32 silly loadAllDepsIntoIdealTree Starting
33 silly install loadAllDepsIntoIdealTree
34 silly resolveWithNewModule yarn@1.6.0 checking installable status
35 silly cache add args [ 'yarn', null ]
36 verbose cache add spec yarn
37 silly cache add parsed spec Result {
37 silly cache add   raw: 'yarn',
37 silly cache add   scope: null,
37 silly cache add   name: 'yarn',
37 silly cache add   rawSpec: '',
37 silly cache add   spec: 'latest',
37 silly cache add   type: 'tag' }
38 silly addNamed yarn@latest
39 verbose addNamed "latest" is being treated as a dist-tag for yarn
40 info addNameTag [ 'yarn', 'latest' ]
41 silly mapToRegistry name yarn
42 silly mapToRegistry using default registry
43 silly mapToRegistry registry http://registry.npmjs.org/
44 silly mapToRegistry uri http://registry.npmjs.org/yarn
45 verbose addNameTag registry:http://registry.npmjs.org/yarn not in flight; fetching
46 verbose get http://registry.npmjs.org/yarn not expired, no request
47 silly addNameTag next cb for yarn with tag latest
48 silly addNamed yarn@1.6.0
49 verbose addNamed "1.6.0" is a plain semver version for yarn
50 silly mapToRegistry name yarn
51 silly mapToRegistry using default registry
52 silly mapToRegistry registry http://registry.npmjs.org/
53 silly mapToRegistry uri http://registry.npmjs.org/yarn
54 verbose addRemoteTarball http://registry.npmjs.org/yarn/-/yarn-1.6.0.tgz not in flight; adding
55 verbose addRemoteTarball [ 'http://registry.npmjs.org/yarn/-/yarn-1.6.0.tgz',
55 verbose addRemoteTarball   '9cec6f7986dc237d39ec705ce74d95155fe55d4b' ]
56 info retry fetch attempt 1 at 11:14:19 PM
57 info attempt registry request try #1 at 11:14:19 PM
58 http fetch GET http://registry.npmjs.org/yarn/-/yarn-1.6.0.tgz
59 http fetch 200 http://registry.npmjs.org/yarn/-/yarn-1.6.0.tgz
60 silly fetchAndShaCheck shasum 9cec6f7986dc237d39ec705ce74d95155fe55d4b
61 verbose addTmpTarball /tmp/npm-20265-0e91836c/registry.npmjs.org/yarn/-/yarn-1.6.0.tgz not in flight; adding
62 verbose addTmpTarball already have metadata; skipping unpack for yarn@1.6.0
63 silly cache afterAdd yarn@1.6.0
64 verbose afterAdd /home/dhruv/.npm/yarn/1.6.0/package/package.json not in flight; writing
65 verbose afterAdd /home/dhruv/.npm/yarn/1.6.0/package/package.json written
66 silly loadAllDepsIntoIdealTree Finishing
67 silly idealTree:prePrune lib
67 silly idealTree:prePrune `-- yarn@1.6.0
68 silly loadIdealTree Finishing
69 silly currentTree lib
70 silly idealTree lib
70 silly idealTree `-- yarn@1.6.0
71 silly generateActionsToTake Starting
72 silly install generateActionsToTake
73 warn checkPermissions Missing write access to /usr/local/lib
74 silly rollbackFailedOptional Starting
75 silly rollbackFailedOptional Finishing
76 silly runTopLevelLifecycles Starting
77 silly runTopLevelLifecycles Finishing
78 silly install printInstalled
79 verbose stack Error: EACCES: permission denied, access '/usr/local/lib'
80 verbose cwd /home/dhruv/Desktop/Code/iosd/iosdportal
81 error Linux 4.15.0-20-generic
82 error argv "/usr/bin/node" "/usr/bin/npm" "install" "yarn" "-g"
83 error node v8.10.0
84 error npm  v3.5.2
85 error path /usr/local/lib
86 error code EACCES
87 error errno -13
88 error syscall access
89 error Error: EACCES: permission denied, access '/usr/local/lib'
89 error  { Error: EACCES: permission denied, access '/usr/local/lib'
89 error   errno: -13,
89 error   code: 'EACCES',
89 error   syscall: 'access',
89 error   path: '/usr/local/lib' }
90 error Please try running this command again as root/Administrator.
91 verbose exit [ -13, true ]
